GUIDI/ParseStarterProject/build/outputs/logs/manifest-merger-debug-report.txt
-- Merging decision tree log ---
manifest
ADDED from src\main\AndroidManifest.xml:9:1-53:12
	xmlns:android
		ADDED from src\main\AndroidManifest.xml:9:11-69
	package
		ADDED from src\main\AndroidManifest.xml:10:5-32
		INJECTED from src\main\AndroidManifest.xml
		INJECTED from src\main\AndroidManifest.xml
	android:versionName
		INJECTED from src\main\AndroidManifest.xml
		INJECTED from src\main\AndroidManifest.xml
	android:versionCode
		INJECTED from src\main\AndroidManifest.xml
		INJECTED from src\main\AndroidManifest.xml
uses-permission#android.permission.INTERNET
ADDED from src\main\AndroidManifest.xml:12:5-67
	android:name
		ADDED from src\main\AndroidManifest.xml:12:22-64
uses-permission#android.permission.ACCESS_NETWORK_STATE
ADDED from src\main\AndroidManifest.xml:13:5-79
	android:name
		ADDED from src\main\AndroidManifest.xml:13:22-76
application
ADDED from src\main\AndroidManifest.xml:15:5-51:19
MERGED from [com.android.support:appcompat-v7:22.2.1] AndroidManifest.xml:22:5-20
MERGED from [com.android.support:support-v4:22.2.1] AndroidManifest.xml:22:5-20
MERGED from [com.android.support:design:22.2.1] AndroidManifest.xml:22:5-20
MERGED from [com.android.support:appcompat-v7:22.2.1] AndroidManifest.xml:22:5-20
MERGED from [com.android.support:support-v4:22.2.1] AndroidManifest.xml:22:5-20
MERGED from [com.android.support:support-v4:22.2.1] AndroidManifest.xml:22:5-20
	android:label
		ADDED from src\main\AndroidManifest.xml:19:9-41
	android:allowBackup
		ADDED from src\main\AndroidManifest.xml:17:9-35
	android:icon
		ADDED from src\main\AndroidManifest.xml:18:9-43
	android:theme
		ADDED from src\main\AndroidManifest.xml:20:9-40
	android:name
		ADDED from src\main\AndroidManifest.xml:16:9-43
meta-data#com.parse.APPLICATION_ID
ADDED from src\main\AndroidManifest.xml:21:9-23:52
	android:name
		ADDED from src\main\AndroidManifest.xml:22:13-52
	android:value
		ADDED from src\main\AndroidManifest.xml:23:13-49
meta-data#com.parse.CLIENT_KEY
ADDED from src\main\AndroidManifest.xml:24:9-26:56
	android:name
		ADDED from src\main\AndroidManifest.xml:25:13-48
	android:value
		ADDED from src\main\AndroidManifest.xml:26:13-53
activity#com.parse.starter.MainActivity
ADDED from src\main\AndroidManifest.xml:28:9-36:20
	android:label
		ADDED from src\main\AndroidManifest.xml:30:13-45
	android:name
		ADDED from src\main\AndroidManifest.xml:29:13-41
activity#com.parse.starter.Login
ADDED from src\main\AndroidManifest.xml:37:9-42:20
	android:label
		ADDED from src\main\AndroidManifest.xml:39:13-57
	android:theme
		ADDED from src\main\AndroidManifest.xml:40:13-56
	android:name
		ADDED from src\main\AndroidManifest.xml:38:13-34
activity#com.parse.starter.Register
ADDED from src\main\AndroidManifest.xml:43:9-49:20
	android:name
		ADDED from src\main\AndroidManifest.xml:43:19-43
intent-filter#android.intent.action.MAIN+android.intent.category.LAUNCHER
ADDED from src\main\AndroidManifest.xml:44:9-48:25
action#android.intent.action.MAIN
ADDED from src\main\AndroidManifest.xml:45:13-65
	android:name
		ADDED from src\main\AndroidManifest.xml:45:21-62
category#android.intent.category.LAUNCHER
ADDED from src\main\AndroidManifest.xml:47:13-73
	android:name
		ADDED from src\main\AndroidManifest.xml:47:23-70
activity#com.parse.starter.Account
ADDED from src\main\AndroidManifest.xml:50:9-54
	android:name
		ADDED from src\main\AndroidManifest.xml:50:19-42
uses-sdk
INJECTED from src\main\AndroidManifest.xml reason: use-sdk injection requested
MERGED from [com.android.support:appcompat-v7:22.2.1] AndroidManifest.xml:20:5-43
MERGED from [com.android.support:support-v4:22.2.1] AndroidManifest.xml:20:5-43
MERGED from [com.android.support:design:22.2.1] AndroidManifest.xml:20:5-43
MERGED from [com.android.support:appcompat-v7:22.2.1] AndroidManifest.xml:20:5-43
MERGED from [com.android.support:support-v4:22.2.1] AndroidManifest.xml:20:5-43
MERGED from [com.android.support:support-v4:22.2.1] AndroidManifest.xml:20:5-43
	android:targetSdkVersion
		INJECTED from src\main\AndroidManifest.xml
		INJECTED from src\main\AndroidManifest.xml
	android:minSdkVersion
		INJECTED from src\main\AndroidManifest.xml
		INJECTED from src\main\AndroidManifest.xml